<?xml version="1.0" encoding="UTF-8"?>
<testng-results skipped="0" failed="1" ignored="0" total="10" passed="9">
  <reporter-output>
  </reporter-output>
  <suite name="Automation Practice Site Testing" duration-ms="240547" started-at="2019-03-15T22:28:30Z" finished-at="2019-03-15T22:32:31Z">
    <groups>
    </groups>
    <test name="Automation Pages TestCases" duration-ms="240547" started-at="2019-03-15T22:28:30Z" finished-at="2019-03-15T22:32:31Z">
      <class name="com.AutoP.TestCases.HomePageTest">
        <test-method status="PASS" signature="SetUp()[pri:0, instance:com.AutoP.TestCases.HomePageTest@59f99ea]" name="SetUp" is-config="true" duration-ms="9656" started-at="2019-03-15T18:31:44Z" finished-at="2019-03-15T18:31:53Z">
          <reporter-output>
          </reporter-output>
        </test-method> <!-- SetUp -->
        <test-method status="PASS" signature="ValidateMyStoreLogoTest()[pri:1, instance:com.AutoP.TestCases.HomePageTest@59f99ea]" name="ValidateMyStoreLogoTest" duration-ms="67" started-at="2019-03-15T18:31:53Z" finished-at="2019-03-15T18:31:53Z">
          <reporter-output>
          </reporter-output>
        </test-method> <!-- ValidateMyStoreLogoTest -->
        <test-method status="PASS" signature="TearDown()[pri:0, instance:com.AutoP.TestCases.HomePageTest@59f99ea]" name="TearDown" is-config="true" duration-ms="750" started-at="2019-03-15T18:31:53Z" finished-at="2019-03-15T18:31:54Z">
          <reporter-output>
          </reporter-output>
        </test-method> <!-- TearDown -->
        <test-method status="PASS" signature="SetUp()[pri:0, instance:com.AutoP.TestCases.HomePageTest@59f99ea]" name="SetUp" is-config="true" duration-ms="9134" started-at="2019-03-15T18:31:54Z" finished-at="2019-03-15T18:32:03Z">
          <reporter-output>
          </reporter-output>
        </test-method> <!-- SetUp -->
        <test-method status="PASS" signature="ValidateMyCartLinkTest()[pri:2, instance:com.AutoP.TestCases.HomePageTest@59f99ea]" name="ValidateMyCartLinkTest" duration-ms="76" started-at="2019-03-15T18:32:03Z" finished-at="2019-03-15T18:32:03Z">
          <reporter-output>
          </reporter-output>
        </test-method> <!-- ValidateMyCartLinkTest -->
        <test-method status="PASS" signature="TearDown()[pri:0, instance:com.AutoP.TestCases.HomePageTest@59f99ea]" name="TearDown" is-config="true" duration-ms="743" started-at="2019-03-15T18:32:03Z" finished-at="2019-03-15T18:32:04Z">
          <reporter-output>
          </reporter-output>
        </test-method> <!-- TearDown -->
        <test-method status="PASS" signature="SetUp()[pri:0, instance:com.AutoP.TestCases.HomePageTest@59f99ea]" name="SetUp" is-config="true" duration-ms="10417" started-at="2019-03-15T18:32:04Z" finished-at="2019-03-15T18:32:14Z">
          <reporter-output>
          </reporter-output>
        </test-method> <!-- SetUp -->
        <test-method status="PASS" signature="SearchForItemTest()[pri:3, instance:com.AutoP.TestCases.HomePageTest@59f99ea]" name="SearchForItemTest" duration-ms="1976" started-at="2019-03-15T18:32:14Z" finished-at="2019-03-15T18:32:16Z">
          <reporter-output>
          </reporter-output>
        </test-method> <!-- SearchForItemTest -->
        <test-method status="PASS" signature="TearDown()[pri:0, instance:com.AutoP.TestCases.HomePageTest@59f99ea]" name="TearDown" is-config="true" duration-ms="747" started-at="2019-03-15T18:32:16Z" finished-at="2019-03-15T18:32:17Z">
          <reporter-output>
          </reporter-output>
        </test-method> <!-- TearDown -->
        <test-method status="PASS" signature="SetUp()[pri:0, instance:com.AutoP.TestCases.HomePageTest@59f99ea]" name="SetUp" is-config="true" duration-ms="9375" started-at="2019-03-15T18:32:17Z" finished-at="2019-03-15T18:32:27Z">
          <reporter-output>
          </reporter-output>
        </test-method> <!-- SetUp -->
        <test-method status="PASS" signature="signInPageNavigationTest()[pri:4, instance:com.AutoP.TestCases.HomePageTest@59f99ea]" name="signInPageNavigationTest" duration-ms="3460" started-at="2019-03-15T18:32:27Z" finished-at="2019-03-15T18:32:30Z">
          <reporter-output>
          </reporter-output>
        </test-method> <!-- signInPageNavigationTest -->
        <test-method status="PASS" signature="TearDown()[pri:0, instance:com.AutoP.TestCases.HomePageTest@59f99ea]" name="TearDown" is-config="true" duration-ms="766" started-at="2019-03-15T18:32:30Z" finished-at="2019-03-15T18:32:31Z">
          <reporter-output>
          </reporter-output>
        </test-method> <!-- TearDown -->
      </class> <!-- com.AutoP.TestCases.HomePageTest -->
      <class name="com.AutoP.TestCases.SignInPageTest">
        <test-method status="PASS" signature="SetUp()[pri:0, instance:com.AutoP.TestCases.SignInPageTest@27efef64]" name="SetUp" is-config="true" duration-ms="15305" started-at="2019-03-15T18:28:30Z" finished-at="2019-03-15T18:28:46Z">
          <reporter-output>
          </reporter-output>
        </test-method> <!-- SetUp -->
        <test-method status="PASS" signature="LoginFuncTest()[pri:0, instance:com.AutoP.TestCases.SignInPageTest@27efef64]" name="LoginFuncTest" duration-ms="2200" started-at="2019-03-15T18:28:46Z" finished-at="2019-03-15T18:28:48Z">
          <reporter-output>
          </reporter-output>
        </test-method> <!-- LoginFuncTest -->
        <test-method status="PASS" signature="TearDown()[pri:0, instance:com.AutoP.TestCases.SignInPageTest@27efef64]" name="TearDown" is-config="true" duration-ms="801" started-at="2019-03-15T18:28:48Z" finished-at="2019-03-15T18:28:49Z">
          <reporter-output>
          </reporter-output>
        </test-method> <!-- TearDown -->
        <test-method status="PASS" signature="SetUp()[pri:0, instance:com.AutoP.TestCases.SignInPageTest@27efef64]" name="SetUp" is-config="true" duration-ms="14111" started-at="2019-03-15T18:28:49Z" finished-at="2019-03-15T18:29:03Z">
          <reporter-output>
          </reporter-output>
        </test-method> <!-- SetUp -->
        <test-method status="FAIL" signature="regfunctiontestforself()[pri:0, instance:com.AutoP.TestCases.SignInPageTest@27efef64]" name="regfunctiontestforself" duration-ms="608" started-at="2019-03-15T18:29:03Z" finished-at="2019-03-15T18:29:03Z">
          <exception class="org.openqa.selenium.WebDriverException">
            <message>
              <![CDATA[unknown error: keys should be a string
  (Session info: chrome=72.0.3626.121)
  (Driver info: chromedriver=73.0.3683.20 (8e2b610813e167eee3619ac4ce6e42e3ec622017),platform=Windows NT 10.0.17134 x86_64) (WARNING: The server did not provide any stacktrace information)
Command duration or timeout: 0 milliseconds
Build info: version: '3.14.0', revision: 'aacccce0', time: '2018-08-02T20:19:58.91Z'
System info: host: 'DESKTOP-6LIQUOQ', ip: '192.168.2.232', os.name: 'Windows 10', os.arch: 'amd64', os.version: '10.0', java.version: '1.8.0_201'
Driver info: org.openqa.selenium.chrome.ChromeDriver
Capabilities {acceptInsecureCerts: false, acceptSslCerts: false, applicationCacheEnabled: false, browserConnectionEnabled: false, browserName: chrome, chrome: {chromedriverVersion: 73.0.3683.20 (8e2b610813e16..., userDataDir: C:\Users\Anand\AppData\Loca...}, cssSelectorsEnabled: true, databaseEnabled: false, goog:chromeOptions: {debuggerAddress: localhost:56319}, handlesAlerts: true, hasTouchScreen: false, javascriptEnabled: true, locationContextEnabled: true, mobileEmulationEnabled: false, nativeEvents: true, networkConnectionEnabled: false, pageLoadStrategy: normal, platform: XP, platformName: XP, proxy: Proxy(), rotatable: false, setWindowRect: true, strictFileInteractability: false, takesHeapSnapshot: true, takesScreenshot: true, timeouts: {implicit: 0, pageLoad: 300000, script: 30000}, unexpectedAlertBehaviour: ignore, unhandledPromptBehavior: ignore, version: 72.0.3626.121, webStorageEnabled: true}
Session ID: daed90dd80342c06473b600cbfe77429]]>
            </message>
            <full-stacktrace>
              <![CDATA[org.openqa.selenium.WebDriverException: unknown error: keys should be a string
  (Session info: chrome=72.0.3626.121)
  (Driver info: chromedriver=73.0.3683.20 (8e2b610813e167eee3619ac4ce6e42e3ec622017),platform=Windows NT 10.0.17134 x86_64) (WARNING: The server did not provide any stacktrace information)
Command duration or timeout: 0 milliseconds
Build info: version: '3.14.0', revision: 'aacccce0', time: '2018-08-02T20:19:58.91Z'
System info: host: 'DESKTOP-6LIQUOQ', ip: '192.168.2.232', os.name: 'Windows 10', os.arch: 'amd64', os.version: '10.0', java.version: '1.8.0_201'
Driver info: org.openqa.selenium.chrome.ChromeDriver
Capabilities {acceptInsecureCerts: false, acceptSslCerts: false, applicationCacheEnabled: false, browserConnectionEnabled: false, browserName: chrome, chrome: {chromedriverVersion: 73.0.3683.20 (8e2b610813e16..., userDataDir: C:\Users\Anand\AppData\Loca...}, cssSelectorsEnabled: true, databaseEnabled: false, goog:chromeOptions: {debuggerAddress: localhost:56319}, handlesAlerts: true, hasTouchScreen: false, javascriptEnabled: true, locationContextEnabled: true, mobileEmulationEnabled: false, nativeEvents: true, networkConnectionEnabled: false, pageLoadStrategy: normal, platform: XP, platformName: XP, proxy: Proxy(), rotatable: false, setWindowRect: true, strictFileInteractability: false, takesHeapSnapshot: true, takesScreenshot: true, timeouts: {implicit: 0, pageLoad: 300000, script: 30000}, unexpectedAlertBehaviour: ignore, unhandledPromptBehavior: ignore, version: 72.0.3626.121, webStorageEnabled: true}
Session ID: daed90dd80342c06473b600cbfe77429
	at sun.reflect.NativeConstructorAccessorImpl.newInstance0(Native Method)
	at sun.reflect.NativeConstructorAccessorImpl.newInstance(Unknown Source)
	at sun.reflect.DelegatingConstructorAccessorImpl.newInstance(Unknown Source)
	at java.lang.reflect.Constructor.newInstance(Unknown Source)
	at org.openqa.selenium.remote.ErrorHandler.createThrowable(ErrorHandler.java:214)
	at org.openqa.selenium.remote.ErrorHandler.throwIfResponseFailed(ErrorHandler.java:166)
	at org.openqa.selenium.remote.http.JsonHttpResponseCodec.reconstructValue(JsonHttpResponseCodec.java:40)
	at org.openqa.selenium.remote.http.AbstractHttpResponseCodec.decode(AbstractHttpResponseCodec.java:80)
	at org.openqa.selenium.remote.http.AbstractHttpResponseCodec.decode(AbstractHttpResponseCodec.java:44)
	at org.openqa.selenium.remote.HttpCommandExecutor.execute(HttpCommandExecutor.java:158)
	at org.openqa.selenium.remote.service.DriverCommandExecutor.execute(DriverCommandExecutor.java:83)
	at org.openqa.selenium.remote.RemoteWebDriver.execute(RemoteWebDriver.java:548)
	at org.openqa.selenium.remote.RemoteWebElement.execute(RemoteWebElement.java:276)
	at org.openqa.selenium.remote.RemoteWebElement.sendKeys(RemoteWebElement.java:100)
	at sun.reflect.NativeMethodAccessorImpl.invoke0(Native Method)
	at sun.reflect.NativeMethodAccessorImpl.invoke(Unknown Source)
	at sun.reflect.DelegatingMethodAccessorImpl.invoke(Unknown Source)
	at java.lang.reflect.Method.invoke(Unknown Source)
	at org.openqa.selenium.support.events.EventFiringWebDriver$EventFiringWebElement.lambda$new$0(EventFiringWebDriver.java:403)
	at com.sun.proxy.$Proxy13.sendKeys(Unknown Source)
	at org.openqa.selenium.support.events.EventFiringWebDriver$EventFiringWebElement.sendKeys(EventFiringWebDriver.java:428)
	at sun.reflect.NativeMethodAccessorImpl.invoke0(Native Method)
	at sun.reflect.NativeMethodAccessorImpl.invoke(Unknown Source)
	at sun.reflect.DelegatingMethodAccessorImpl.invoke(Unknown Source)
	at java.lang.reflect.Method.invoke(Unknown Source)
	at org.openqa.selenium.support.pagefactory.internal.LocatingElementHandler.invoke(LocatingElementHandler.java:51)
	at com.sun.proxy.$Proxy12.sendKeys(Unknown Source)
	at com.AutoP.Pages.SignInPage.RegFunc(SignInPage.java:66)
	at com.AutoP.TestCases.SignInPageTest.regfunctiontestforself(SignInPageTest.java:36)
	at sun.reflect.NativeMethodAccessorImpl.invoke0(Native Method)
	at sun.reflect.NativeMethodAccessorImpl.invoke(Unknown Source)
	at sun.reflect.DelegatingMethodAccessorImpl.invoke(Unknown Source)
	at java.lang.reflect.Method.invoke(Unknown Source)
	at org.testng.internal.MethodInvocationHelper.invokeMethod(MethodInvocationHelper.java:108)
	at org.testng.internal.Invoker.invokeMethod(Invoker.java:661)
	at org.testng.internal.Invoker.invokeTestMethod(Invoker.java:869)
	at org.testng.internal.Invoker.invokeTestMethods(Invoker.java:1193)
	at org.testng.internal.TestMethodWorker.invokeTestMethods(TestMethodWorker.java:126)
	at org.testng.internal.TestMethodWorker.run(TestMethodWorker.java:109)
	at org.testng.TestRunner.privateRun(TestRunner.java:744)
	at org.testng.TestRunner.run(TestRunner.java:602)
	at org.testng.SuiteRunner.runTest(SuiteRunner.java:380)
	at org.testng.SuiteRunner.runSequentially(SuiteRunner.java:375)
	at org.testng.SuiteRunner.privateRun(SuiteRunner.java:340)
	at org.testng.SuiteRunner.run(SuiteRunner.java:289)
	at org.testng.SuiteRunnerWorker.runSuite(SuiteRunnerWorker.java:52)
	at org.testng.SuiteRunnerWorker.run(SuiteRunnerWorker.java:86)
	at org.testng.TestNG.runSuitesSequentially(TestNG.java:1301)
	at org.testng.TestNG.runSuitesLocally(TestNG.java:1226)
	at org.testng.TestNG.runSuites(TestNG.java:1144)
	at org.testng.TestNG.run(TestNG.java:1115)
	at org.testng.remote.AbstractRemoteTestNG.run(AbstractRemoteTestNG.java:115)
	at org.testng.remote.RemoteTestNG.initAndRun(RemoteTestNG.java:251)
	at org.testng.remote.RemoteTestNG.main(RemoteTestNG.java:77)
]]>
            </full-stacktrace>
          </exception> <!-- org.openqa.selenium.WebDriverException -->
          <reporter-output>
          </reporter-output>
        </test-method> <!-- regfunctiontestforself -->
        <test-method status="PASS" signature="TearDown()[pri:0, instance:com.AutoP.TestCases.SignInPageTest@27efef64]" name="TearDown" is-config="true" duration-ms="759" started-at="2019-03-15T18:29:03Z" finished-at="2019-03-15T18:29:04Z">
          <reporter-output>
          </reporter-output>
        </test-method> <!-- TearDown -->
      </class> <!-- com.AutoP.TestCases.SignInPageTest -->
      <class name="com.AutoP.TestCases.RegPageTest">
        <test-method status="PASS" signature="SetUp()[pri:0, instance:com.AutoP.TestCases.RegPageTest@6f7fd0e6]" name="SetUp" is-config="true" duration-ms="28560" started-at="2019-03-15T18:29:07Z" finished-at="2019-03-15T18:29:35Z">
          <reporter-output>
          </reporter-output>
        </test-method> <!-- SetUp -->
        <test-method status="PASS" signature="CreateUserTest(java.lang.String, java.lang.String, java.lang.String, java.lang.String, java.lang.String, java.lang.String, java.lang.String, java.lang.String, java.lang.String)[pri:0, instance:com.AutoP.TestCases.RegPageTest@6f7fd0e6]" name="CreateUserTest" duration-ms="8248" started-at="2019-03-15T18:29:35Z" data-provider="LoginData" finished-at="2019-03-15T18:29:44Z">
          <params>
            <param index="0">
              <value>
                <![CDATA[kil55@test.com]]>
              </value>
            </param>
            <param index="1">
              <value>
                <![CDATA[akp]]>
              </value>
            </param>
            <param index="2">
              <value>
                <![CDATA[hirap]]>
              </value>
            </param>
            <param index="3">
              <value>
                <![CDATA[123A45]]>
              </value>
            </param>
            <param index="4">
              <value>
                <![CDATA[23,new street]]>
              </value>
            </param>
            <param index="5">
              <value>
                <![CDATA[Alachua]]>
              </value>
            </param>
            <param index="6">
              <value>
                <![CDATA[Florida]]>
              </value>
            </param>
            <param index="7">
              <value>
                <![CDATA[11111]]>
              </value>
            </param>
            <param index="8">
              <value>
                <![CDATA[7458963215]]>
              </value>
            </param>
          </params>
          <reporter-output>
          </reporter-output>
        </test-method> <!-- CreateUserTest -->
        <test-method status="PASS" signature="TearDown()[pri:0, instance:com.AutoP.TestCases.RegPageTest@6f7fd0e6]" name="TearDown" is-config="true" duration-ms="2793" started-at="2019-03-15T18:29:44Z" finished-at="2019-03-15T18:29:46Z">
          <reporter-output>
          </reporter-output>
        </test-method> <!-- TearDown -->
        <test-method status="PASS" signature="SetUp()[pri:0, instance:com.AutoP.TestCases.RegPageTest@6f7fd0e6]" name="SetUp" is-config="true" duration-ms="28666" started-at="2019-03-15T18:29:46Z" finished-at="2019-03-15T18:30:15Z">
          <reporter-output>
          </reporter-output>
        </test-method> <!-- SetUp -->
        <test-method status="PASS" signature="CreateUserTest(java.lang.String, java.lang.String, java.lang.String, java.lang.String, java.lang.String, java.lang.String, java.lang.String, java.lang.String, java.lang.String)[pri:0, instance:com.AutoP.TestCases.RegPageTest@6f7fd0e6]" name="CreateUserTest" duration-ms="7779" started-at="2019-03-15T18:30:15Z" data-provider="LoginData" finished-at="2019-03-15T18:30:23Z">
          <params>
            <param index="0">
              <value>
                <![CDATA[pil55@test.com]]>
              </value>
            </param>
            <param index="1">
              <value>
                <![CDATA[prashant]]>
              </value>
            </param>
            <param index="2">
              <value>
                <![CDATA[nayak]]>
              </value>
            </param>
            <param index="3">
              <value>
                <![CDATA[145145]]>
              </value>
            </param>
            <param index="4">
              <value>
                <![CDATA[24,new street]]>
              </value>
            </param>
            <param index="5">
              <value>
                <![CDATA[Altamonte Springs]]>
              </value>
            </param>
            <param index="6">
              <value>
                <![CDATA[Florida]]>
              </value>
            </param>
            <param index="7">
              <value>
                <![CDATA[22222]]>
              </value>
            </param>
            <param index="8">
              <value>
                <![CDATA[1598742365]]>
              </value>
            </param>
          </params>
          <reporter-output>
          </reporter-output>
        </test-method> <!-- CreateUserTest -->
        <test-method status="PASS" signature="TearDown()[pri:0, instance:com.AutoP.TestCases.RegPageTest@6f7fd0e6]" name="TearDown" is-config="true" duration-ms="2772" started-at="2019-03-15T18:30:23Z" finished-at="2019-03-15T18:30:26Z">
          <reporter-output>
          </reporter-output>
        </test-method> <!-- TearDown -->
        <test-method status="PASS" signature="SetUp()[pri:0, instance:com.AutoP.TestCases.RegPageTest@6f7fd0e6]" name="SetUp" is-config="true" duration-ms="29283" started-at="2019-03-15T18:30:26Z" finished-at="2019-03-15T18:30:55Z">
          <reporter-output>
          </reporter-output>
        </test-method> <!-- SetUp -->
        <test-method status="PASS" signature="CreateUserTest(java.lang.String, java.lang.String, java.lang.String, java.lang.String, java.lang.String, java.lang.String, java.lang.String, java.lang.String, java.lang.String)[pri:0, instance:com.AutoP.TestCases.RegPageTest@6f7fd0e6]" name="CreateUserTest" duration-ms="7844" started-at="2019-03-15T18:30:55Z" data-provider="LoginData" finished-at="2019-03-15T18:31:03Z">
          <params>
            <param index="0">
              <value>
                <![CDATA[jil54@gmail.com]]>
              </value>
            </param>
            <param index="1">
              <value>
                <![CDATA[jigar]]>
              </value>
            </param>
            <param index="2">
              <value>
                <![CDATA[azure]]>
              </value>
            </param>
            <param index="3">
              <value>
                <![CDATA[asdasd]]>
              </value>
            </param>
            <param index="4">
              <value>
                <![CDATA[25,new street]]>
              </value>
            </param>
            <param index="5">
              <value>
                <![CDATA[Anna Maria]]>
              </value>
            </param>
            <param index="6">
              <value>
                <![CDATA[Florida]]>
              </value>
            </param>
            <param index="7">
              <value>
                <![CDATA[33333]]>
              </value>
            </param>
            <param index="8">
              <value>
                <![CDATA[7418529631]]>
              </value>
            </param>
          </params>
          <reporter-output>
          </reporter-output>
        </test-method> <!-- CreateUserTest -->
        <test-method status="PASS" signature="TearDown()[pri:0, instance:com.AutoP.TestCases.RegPageTest@6f7fd0e6]" name="TearDown" is-config="true" duration-ms="2794" started-at="2019-03-15T18:31:03Z" finished-at="2019-03-15T18:31:05Z">
          <reporter-output>
          </reporter-output>
        </test-method> <!-- TearDown -->
        <test-method status="PASS" signature="SetUp()[pri:0, instance:com.AutoP.TestCases.RegPageTest@6f7fd0e6]" name="SetUp" is-config="true" duration-ms="27740" started-at="2019-03-15T18:31:05Z" finished-at="2019-03-15T18:31:33Z">
          <reporter-output>
          </reporter-output>
        </test-method> <!-- SetUp -->
        <test-method status="PASS" signature="CreateUserTest(java.lang.String, java.lang.String, java.lang.String, java.lang.String, java.lang.String, java.lang.String, java.lang.String, java.lang.String, java.lang.String)[pri:0, instance:com.AutoP.TestCases.RegPageTest@6f7fd0e6]" name="CreateUserTest" duration-ms="7557" started-at="2019-03-15T18:31:33Z" data-provider="LoginData" finished-at="2019-03-15T18:31:41Z">
          <params>
            <param index="0">
              <value>
                <![CDATA[nil54@test.com]]>
              </value>
            </param>
            <param index="1">
              <value>
                <![CDATA[prashant]]>
              </value>
            </param>
            <param index="2">
              <value>
                <![CDATA[nayak]]>
              </value>
            </param>
            <param index="3">
              <value>
                <![CDATA[145145]]>
              </value>
            </param>
            <param index="4">
              <value>
                <![CDATA[24,new street]]>
              </value>
            </param>
            <param index="5">
              <value>
                <![CDATA[Altamonte Springs]]>
              </value>
            </param>
            <param index="6">
              <value>
                <![CDATA[Florida]]>
              </value>
            </param>
            <param index="7">
              <value>
                <![CDATA[22222]]>
              </value>
            </param>
            <param index="8">
              <value>
                <![CDATA[1598742365]]>
              </value>
            </param>
          </params>
          <reporter-output>
          </reporter-output>
        </test-method> <!-- CreateUserTest -->
        <test-method status="PASS" signature="TearDown()[pri:0, instance:com.AutoP.TestCases.RegPageTest@6f7fd0e6]" name="TearDown" is-config="true" duration-ms="2793" started-at="2019-03-15T18:31:41Z" finished-at="2019-03-15T18:31:44Z">
          <reporter-output>
          </reporter-output>
        </test-method> <!-- TearDown -->
      </class> <!-- com.AutoP.TestCases.RegPageTest -->
    </test> <!-- Automation Pages TestCases -->
  </suite> <!-- Automation Practice Site Testing -->
</testng-results>
